<?xml version="1.0" encoding="UTF-8"?>
<!-- Generated by org.testng.reporters.JUnitReportReporter -->
<testsuite hostname="TTPL-LNVE15-0186" failures="0" tests="1" name="testCases.TC002_AddProviderGroup" time="14.891" errors="0" timestamp="2024-12-02T19:21:45 IST" skipped="0">
  <testcase classname="testCases.TC002_AddProviderGroup" name="addProviderGroup" time="14.891"/>
  <system-out/>
</testsuite> <!-- testCases.TC002_AddProviderGroup -->
